<?xml version="1.0" encoding="UTF-8"?>
<!-- Generated by org.testng.reporters.JUnitReportReporter -->
<testsuite hostname="DESKTOP-9UJCH24" failures="0" tests="8" name="testRunner.AppTest" time="95.717" errors="0" timestamp="2024-11-27T09:20:08 IST" skipped="0">
  <testcase classname="testRunner.AppTest" name="runScenario" time="11.258"/>
  <system-out>
    <![CDATA[Customer-00000013203         Customer-00000013203]]>
  </system-out>
  <testcase classname="testRunner.AppTest" name="runScenario" time="11.148"/>
  <system-out>
    <![CDATA[Customer-00000013204         Customer-00000013204]]>
  </system-out>
  <testcase classname="testRunner.AppTest" name="runScenario" time="12.039"/>
  <system-out>
    <![CDATA[Supplier-00000007898        Supplier-00000007898
Supplier Number Added Success]]>
  </system-out>
  <testcase classname="testRunner.AppTest" name="runScenario" time="11.470"/>
  <system-out>
    <![CDATA[Supplier-00000007900        Supplier-00000007345
Supplier Number Added Fail]]>
  </system-out>
  <testcase classname="testRunner.AppTest" name="runScenario" time="11.691"/>
  <system-out>
    <![CDATA[Supplier-00000007899        Supplier-00000007345
Supplier Number Added Fail]]>
  </system-out>
  <testcase classname="testRunner.AppTest" name="runScenario" time="11.365"/>
  <system-out>
    <![CDATA[Customer-00000013205         Customer-00000013205]]>
  </system-out>
  <testcase classname="testRunner.AppTest" name="runScenario" time="14.873"/>
  <system-out>
    <![CDATA[Supplier-00000007897        Supplier-00000007897
Supplier Number Added Success]]>
  </system-out>
  <testcase classname="testRunner.AppTest" name="runScenario" time="11.873"/>
  <system-out>
    <![CDATA[Customer-00000013206         Customer-00000013206]]>
  </system-out>
</testsuite> <!-- testRunner.AppTest -->
